This file contains any messages produced by compilers while
running configure, to aid debugging if configure makes a mistake.

It was created by configure, which was
generated by GNU Autoconf 2.59.  Invocation command line was

  $ ./configure --with-php-config=/home/work/local/php/bin/php-config

## --------- ##
## Platform. ##
## --------- ##

hostname = cq01-dr-tycoon.vm
uname -m = x86_64
uname -r = 2.6.9_7-7-0-0
uname -s = Linux
uname -v = #1 SMP Wed Jun 23 14:47:10 CST 2010

/usr/bin/uname -p = unknown
/bin/uname -X     = unknown

/bin/arch              = x86_64
/usr/bin/arch -k       = unknown
/usr/convex/getsysinfo = unknown
hostinfo               = unknown
/bin/machine           = unknown
/usr/bin/oslevel       = unknown
/bin/universe          = unknown

PATH: /home/work/.jumbo/bin
PATH: /home/work/local/cmake/bin
PATH: /home/work/local/gcc-code-assist/bin
PATH: /home/work/local/valgrind/bin
PATH: /home/work/local/gdb/bin
PATH: /home/work/local/m4/bin
PATH: /home/work/local/make/bin
PATH: /home/work/local/flex/bin
PATH: /home/work/local/gcc/bin
PATH: /home/work/local/svn/bin
PATH: /home/work/local/python/bin
PATH: /home/work/local/emacs-24.3/bin
PATH: /home/work/local/git/bin
PATH: /home/work/local/php/bin
PATH: /home/work/local/binutils/bin
PATH: /home/work/bin
PATH: /home/work/local/jdk1.6.0_32/bin
PATH: /home/work/local/apache-ant-1.8.4/bin
PATH: /home/work/local/ruby/bin
PATH: /home/work/local/mysql/bin
PATH: /home/work/local/memcached/bin
PATH: /home/work/local/newlisp/bin
PATH: /usr/kerberos/bin
PATH: /usr/local/bin
PATH: /bin
PATH: /usr/bin
PATH: /usr/X11R6/bin
PATH: /usr/share/baidu/bin
PATH: /home/work/bin


## ----------- ##
## Core tests. ##
## ----------- ##

configure:1481: checking for egrep
configure:1491: result: grep -E
configure:1496: checking for a sed that does not truncate output
configure:1550: result: /bin/sed
configure:1680: checking for cc
configure:1696: found /usr/bin/cc
configure:1706: result: cc
configure:1727: checking for C compiler version
configure:1730: cc --version </dev/null >&5
cc (GCC) 3.4.5 20051201 (Red Hat 3.4.5-2)
Copyright (C) 2004 Free Software Foundation, Inc.
This is free software; see the source for copying conditions.  There is NO
warranty; not even for MERCHANTABILITY or FITNESS FOR A PARTICULAR PURPOSE.

configure:1733: $? = 0
configure:1735: cc -v </dev/null >&5
Reading specs from /usr/lib/gcc/x86_64-redhat-linux/3.4.5/specs
Configured with: ../configure --prefix=/usr --mandir=/usr/share/man --infodir=/usr/share/info --enable-shared --enable-threads=posix --disable-checking --with-system-zlib --enable-__cxa_atexit --disable-libunwind-exceptions --enable-java-awt=gtk --host=x86_64-redhat-linux
Thread model: posix
gcc version 3.4.5 20051201 (Red Hat 3.4.5-2)
configure:1738: $? = 0
configure:1740: cc -V </dev/null >&5
cc: `-V' option must have argument
configure:1743: $? = 1
configure:1766: checking for C compiler default output file name
configure:1769: cc    conftest.c  >&5
configure:1772: $? = 0
configure:1818: result: a.out
configure:1823: checking whether the C compiler works
configure:1829: ./a.out
configure:1832: $? = 0
configure:1849: result: yes
configure:1856: checking whether we are cross compiling
configure:1858: result: no
configure:1861: checking for suffix of executables
configure:1863: cc -o conftest    conftest.c  >&5
configure:1866: $? = 0
configure:1891: result: 
configure:1897: checking for suffix of object files
configure:1918: cc -c   conftest.c >&5
configure:1921: $? = 0
configure:1943: result: o
configure:1947: checking whether we are using the GNU C compiler
configure:1971: cc -c   conftest.c >&5
configure:1977: $? = 0
configure:1981: test -z 
			 || test ! -s conftest.err
configure:1984: $? = 0
configure:1987: test -s conftest.o
configure:1990: $? = 0
configure:2003: result: yes
configure:2009: checking whether cc accepts -g
configure:2030: cc -c -g  conftest.c >&5
configure:2036: $? = 0
configure:2040: test -z 
			 || test ! -s conftest.err
configure:2043: $? = 0
configure:2046: test -s conftest.o
configure:2049: $? = 0
configure:2060: result: yes
configure:2077: checking for cc option to accept ANSI C
configure:2147: cc  -c -g -O2  conftest.c >&5
configure:2153: $? = 0
configure:2157: test -z 
			 || test ! -s conftest.err
configure:2160: $? = 0
configure:2163: test -s conftest.o
configure:2166: $? = 0
configure:2184: result: none needed
configure:2202: cc -c -g -O2  conftest.c >&5
conftest.c:2: error: syntax error before "me"
configure:2208: $? = 1
configure: failed program was:
| #ifndef __cplusplus
|   choke me
| #endif
configure:2347: checking how to run the C preprocessor
configure:2382: cc -E  conftest.c
configure:2388: $? = 0
configure:2420: cc -E  conftest.c
conftest.c:9:28: ac_nonexistent.h: No such file or directory
configure:2426: $? = 1
configure: failed program was:
| /* confdefs.h.  */
| 
| #define PACKAGE_NAME ""
| #define PACKAGE_TARNAME ""
| #define PACKAGE_VERSION ""
| #define PACKAGE_STRING ""
| #define PACKAGE_BUGREPORT ""
| /* end confdefs.h.  */
| #include <ac_nonexistent.h>
configure:2465: result: cc -E
configure:2489: cc -E  conftest.c
configure:2495: $? = 0
configure:2527: cc -E  conftest.c
conftest.c:9:28: ac_nonexistent.h: No such file or directory
configure:2533: $? = 1
configure: failed program was:
| /* confdefs.h.  */
| 
| #define PACKAGE_NAME ""
| #define PACKAGE_TARNAME ""
| #define PACKAGE_VERSION ""
| #define PACKAGE_STRING ""
| #define PACKAGE_BUGREPORT ""
| /* end confdefs.h.  */
| #include <ac_nonexistent.h>
configure:2579: checking for icc
configure:2592: result: no
configure:2606: checking for suncc
configure:2619: result: no
configure:2637: checking whether cc understands -c and -o together
configure:2664: cc -c conftest.c -o conftest.o >&5
configure:2667: $? = 0
configure:2669: cc -c conftest.c -o conftest.o >&5
configure:2672: $? = 0
configure:2711: result: yes
configure:2727: checking for system library directory
configure:2742: result: lib
configure:2749: checking if compiler supports -R
configure:2773: cc -o conftest -g -O2   conftest.c -R /usr/lib  >&5
cc: unrecognized option `-R'
/usr/lib: file not recognized: Is a directory
collect2: ld returned 1 exit status
configure:2779: $? = 1
configure: failed program was:
| /* confdefs.h.  */
| 
| #define PACKAGE_NAME ""
| #define PACKAGE_TARNAME ""
| #define PACKAGE_VERSION ""
| #define PACKAGE_STRING ""
| #define PACKAGE_BUGREPORT ""
| /* end confdefs.h.  */
| 
| int
| main ()
| {
| 
|   ;
|   return 0;
| }
configure:2806: result: no
configure:2811: checking if compiler supports -Wl,-rpath,
configure:2835: cc -o conftest -g -O2   conftest.c -Wl,-rpath,/usr/lib  >&5
configure:2841: $? = 0
configure:2845: test -z 
			 || test ! -s conftest.err
configure:2848: $? = 0
configure:2851: test -s conftest
configure:2854: $? = 0
configure:2868: result: yes
configure:2911: checking build system type
configure:2929: result: x86_64-unknown-linux-gnu
configure:2937: checking host system type
configure:2951: result: x86_64-unknown-linux-gnu
configure:2959: checking target system type
configure:2973: result: x86_64-unknown-linux-gnu
configure:3068: checking for PHP prefix
configure:3070: result: /home/work/local/php
configure:3072: checking for PHP includes
configure:3074: result: -I/home/work/local/php/include/php -I/home/work/local/php/include/php/main -I/home/work/local/php/include/php/TSRM -I/home/work/local/php/include/php/Zend -I/home/work/local/php/include/php/ext -I/home/work/local/php/include/php/ext/date/lib
configure:3076: checking for PHP extension directory
configure:3078: result: /home/work/local/php/lib/php/extensions/no-debug-zts-20090626
configure:3080: checking for PHP installed headers prefix
configure:3082: result: /home/work/local/php/include/php
configure:3085: checking if debug is enabled
configure:3115: result: no
configure:3118: checking if zts is enabled
configure:3148: result: no
configure:3222: checking for re2c
configure:3251: result: no
configure:3275: WARNING: You will need re2c 0.13.4 or later if you want to regenerate PHP parsers.
configure:3289: checking for gawk
configure:3306: found /bin/gawk
configure:3316: result: gawk
configure:3365: checking for binaryjson support
configure:3405: result: yes, shared
configure:3840: checking for ld used by cc
configure:3907: result: /home/work/local/binutils/bin/ld
configure:3916: checking if the linker (/home/work/local/binutils/bin/ld) is GNU ld
configure:3931: result: yes
configure:3936: checking for /home/work/local/binutils/bin/ld option to reload object files
configure:3943: result: -r
configure:3961: checking for BSD-compatible nm
configure:4010: result: /home/work/local/binutils/bin/nm -B
configure:4014: checking whether ln -s works
configure:4018: result: yes
configure:4025: checking how to recognize dependent libraries
configure:4211: result: pass_all
configure:4296: cc -c -g -O2  conftest.c >&5
configure:4299: $? = 0
configure:4452: checking for ANSI C header files
configure:4477: cc -c -g -O2  conftest.c >&5
configure:4483: $? = 0
configure:4487: test -z 
			 || test ! -s conftest.err
configure:4490: $? = 0
configure:4493: test -s conftest.o
configure:4496: $? = 0
configure:4585: cc -o conftest -g -O2   conftest.c  >&5
configure:4588: $? = 0
configure:4590: ./conftest
configure:4593: $? = 0
configure:4608: result: yes
configure:4632: checking for sys/types.h
configure:4648: cc -c -g -O2  conftest.c >&5
configure:4654: $? = 0
configure:4658: test -z 
			 || test ! -s conftest.err
configure:4661: $? = 0
configure:4664: test -s conftest.o
configure:4667: $? = 0
configure:4678: result: yes
configure:4632: checking for sys/stat.h
configure:4648: cc -c -g -O2  conftest.c >&5
configure:4654: $? = 0
configure:4658: test -z 
			 || test ! -s conftest.err
configure:4661: $? = 0
configure:4664: test -s conftest.o
configure:4667: $? = 0
configure:4678: result: yes
configure:4632: checking for stdlib.h
configure:4648: cc -c -g -O2  conftest.c >&5
configure:4654: $? = 0
configure:4658: test -z 
			 || test ! -s conftest.err
configure:4661: $? = 0
configure:4664: test -s conftest.o
configure:4667: $? = 0
configure:4678: result: yes
configure:4632: checking for string.h
configure:4648: cc -c -g -O2  conftest.c >&5
configure:4654: $? = 0
configure:4658: test -z 
			 || test ! -s conftest.err
configure:4661: $? = 0
configure:4664: test -s conftest.o
configure:4667: $? = 0
configure:4678: result: yes
configure:4632: checking for memory.h
configure:4648: cc -c -g -O2  conftest.c >&5
configure:4654: $? = 0
configure:4658: test -z 
			 || test ! -s conftest.err
configure:4661: $? = 0
configure:4664: test -s conftest.o
configure:4667: $? = 0
configure:4678: result: yes
configure:4632: checking for strings.h
configure:4648: cc -c -g -O2  conftest.c >&5
configure:4654: $? = 0
configure:4658: test -z 
			 || test ! -s conftest.err
configure:4661: $? = 0
configure:4664: test -s conftest.o
configure:4667: $? = 0
configure:4678: result: yes
configure:4632: checking for inttypes.h
configure:4648: cc -c -g -O2  conftest.c >&5
configure:4654: $? = 0
configure:4658: test -z 
			 || test ! -s conftest.err
configure:4661: $? = 0
configure:4664: test -s conftest.o
configure:4667: $? = 0
configure:4678: result: yes
configure:4632: checking for stdint.h
configure:4648: cc -c -g -O2  conftest.c >&5
configure:4654: $? = 0
configure:4658: test -z 
			 || test ! -s conftest.err
configure:4661: $? = 0
configure:4664: test -s conftest.o
configure:4667: $? = 0
configure:4678: result: yes
configure:4632: checking for unistd.h
configure:4648: cc -c -g -O2  conftest.c >&5
configure:4654: $? = 0
configure:4658: test -z 
			 || test ! -s conftest.err
configure:4661: $? = 0
configure:4664: test -s conftest.o
configure:4667: $? = 0
configure:4678: result: yes
configure:4704: checking dlfcn.h usability
configure:4716: cc -c -g -O2  conftest.c >&5
configure:4722: $? = 0
configure:4726: test -z 
			 || test ! -s conftest.err
configure:4729: $? = 0
configure:4732: test -s conftest.o
configure:4735: $? = 0
configure:4745: result: yes
configure:4749: checking dlfcn.h presence
configure:4759: cc -E  conftest.c
configure:4765: $? = 0
configure:4785: result: yes
configure:4820: checking for dlfcn.h
configure:4827: result: yes
configure:4852: checking the maximum length of command line arguments
configure:4964: result: 98304
configure:4976: checking command to parse /home/work/local/binutils/bin/nm -B output from cc object
configure:5081: cc -c -g -O2  conftest.c >&5
configure:5084: $? = 0
configure:5088: /home/work/local/binutils/bin/nm -B conftest.o \| sed -n -e 's/^.*[ 	]\([ABCDGIRSTW][ABCDGIRSTW]*\)[ 	][ 	]*\([_A-Za-z][_A-Za-z0-9]*\)$/\1 \2 \2/p' \> conftest.nm
configure:5091: $? = 0
configure:5143: cc -o conftest -g -O2   conftest.c conftstm.o >&5
configure:5146: $? = 0
configure:5184: result: ok
configure:5188: checking for objdir
configure:5203: result: .libs
configure:5293: checking for ar
configure:5309: found /home/work/local/binutils/bin/ar
configure:5320: result: ar
configure:5373: checking for ranlib
configure:5389: found /home/work/local/binutils/bin/ranlib
configure:5400: result: ranlib
configure:5453: checking for strip
configure:5469: found /home/work/local/binutils/bin/strip
configure:5480: result: strip
configure:6016: checking if cc supports -fno-rtti -fno-exceptions
configure:6034: cc -c -g -O2  -fno-rtti -fno-exceptions conftest.c >&5
cc1: warning: command line option "-fno-rtti" is valid for C++/ObjC++ but not for C
configure:6038: $? = 0
configure:6051: result: no
configure:6066: checking for cc option to produce PIC
configure:6306: result: -fPIC
configure:6314: checking if cc PIC flag -fPIC works
configure:6332: cc -c -g -O2  -fPIC -DPIC conftest.c >&5
configure:6336: $? = 0
configure:6349: result: yes
configure:6377: checking if cc static flag -static works
configure:6405: result: yes
configure:6415: checking if cc supports -c -o file.o
configure:6436: cc -c -g -O2  -o out/conftest2.o conftest.c >&5
configure:6440: $? = 0
configure:6462: result: yes
configure:6488: checking whether the cc linker (/home/work/local/binutils/bin/ld -m elf_x86_64) supports shared libraries
configure:7420: result: yes
configure:7441: checking whether -lc should be explicitly linked in
configure:7446: cc -c -g -O2  conftest.c >&5
configure:7449: $? = 0
configure:7464: cc -shared conftest.o  -v -Wl,-soname -Wl,conftest -o conftest 2\>\&1 \| grep  -lc  \>/dev/null 2\>\&1
configure:7467: $? = 0
configure:7479: result: no
configure:7487: checking dynamic linker characteristics
configure:8089: result: GNU/Linux ld.so
configure:8113: checking how to hardcode library paths into programs
configure:8138: result: immediate
configure:8152: checking whether stripping libraries is possible
configure:8157: result: yes
configure:8992: checking if libtool supports shared libraries
configure:8994: result: yes
configure:8997: checking whether to build shared libraries
configure:9018: result: yes
configure:9021: checking whether to build static libraries
configure:9025: result: no
configure:9120: result:
creating libtool
configure:12815: creating ./config.status

## ---------------------- ##
## Running config.status. ##
## ---------------------- ##

This file was extended by config.status, which was
generated by GNU Autoconf 2.59.  Invocation command line was

  CONFIG_FILES    = 
  CONFIG_HEADERS  = 
  CONFIG_LINKS    = 
  CONFIG_COMMANDS = 
  $ ./config.status 

on cq01-dr-tycoon.vm

config.status:454: creating config.h
config.status:560: config.h is unchanged

## ---------------- ##
## Cache variables. ##
## ---------------- ##

ac_cv_build=x86_64-unknown-linux-gnu
ac_cv_build_alias=x86_64-unknown-linux-gnu
ac_cv_c_compiler_gnu=yes
ac_cv_env_CC_set=
ac_cv_env_CC_value=
ac_cv_env_CFLAGS_set=
ac_cv_env_CFLAGS_value=
ac_cv_env_CPPFLAGS_set=
ac_cv_env_CPPFLAGS_value=
ac_cv_env_CPP_set=
ac_cv_env_CPP_value=
ac_cv_env_LDFLAGS_set=
ac_cv_env_LDFLAGS_value=
ac_cv_env_build_alias_set=
ac_cv_env_build_alias_value=
ac_cv_env_host_alias_set=
ac_cv_env_host_alias_value=
ac_cv_env_target_alias_set=
ac_cv_env_target_alias_value=
ac_cv_exeext=
ac_cv_header_dlfcn_h=yes
ac_cv_header_inttypes_h=yes
ac_cv_header_memory_h=yes
ac_cv_header_stdc=yes
ac_cv_header_stdint_h=yes
ac_cv_header_stdlib_h=yes
ac_cv_header_string_h=yes
ac_cv_header_strings_h=yes
ac_cv_header_sys_stat_h=yes
ac_cv_header_sys_types_h=yes
ac_cv_header_unistd_h=yes
ac_cv_host=x86_64-unknown-linux-gnu
ac_cv_host_alias=x86_64-unknown-linux-gnu
ac_cv_objext=o
ac_cv_prog_AWK=gawk
ac_cv_prog_CPP='cc -E'
ac_cv_prog_ac_ct_AR=ar
ac_cv_prog_ac_ct_CC=cc
ac_cv_prog_ac_ct_RANLIB=ranlib
ac_cv_prog_ac_ct_STRIP=strip
ac_cv_prog_cc_cc_c_o=yes
ac_cv_prog_cc_g=yes
ac_cv_prog_cc_stdc=
ac_cv_prog_egrep='grep -E'
ac_cv_target=x86_64-unknown-linux-gnu
ac_cv_target_alias=x86_64-unknown-linux-gnu
lt_cv_deplibs_check_method=pass_all
lt_cv_file_magic_cmd='$MAGIC_CMD'
lt_cv_file_magic_test_file=
lt_cv_ld_reload_flag=-r
lt_cv_objdir=.libs
lt_cv_path_LD=/home/work/local/binutils/bin/ld
lt_cv_path_NM='/home/work/local/binutils/bin/nm -B'
lt_cv_path_SED=/bin/sed
lt_cv_prog_compiler_c_o=yes
lt_cv_prog_compiler_pic_works=yes
lt_cv_prog_compiler_rtti_exceptions=no
lt_cv_prog_compiler_static_works=yes
lt_cv_prog_gnu_ld=yes
lt_cv_sys_global_symbol_pipe='sed -n -e '\''s/^.*[ 	]\([ABCDGIRSTW][ABCDGIRSTW]*\)[ 	][ 	]*\([_A-Za-z][_A-Za-z0-9]*\)$/\1 \2 \2/p'\'''
lt_cv_sys_global_symbol_to_c_name_address='sed -n -e '\''s/^: \([^ ]*\) $/  {\"\1\", (lt_ptr) 0},/p'\'' -e '\''s/^[BCDEGRST] \([^ ]*\) \([^ ]*\)$/  {"\2", (lt_ptr) \&\2},/p'\'''
lt_cv_sys_global_symbol_to_cdecl='sed -n -e '\''s/^. .* \(.*\)$/extern int \1;/p'\'''
lt_cv_sys_lib_dlsearch_path_spec='/lib /usr/lib /usr/lib64/infiniband /usr/lib64/qt-3.3/lib /usr/X11R6/lib /usr/X11R6/lib64 /lib/rh80/lib /lib/rh80/usr/lib /lib/rh80/usr/local/lib /lib/rh80/usr/X11R6/lib '
lt_cv_sys_lib_search_path_spec='/usr/lib/gcc/x86_64-redhat-linux/3.4.5 /usr/lib64 /lib64'
lt_cv_sys_max_cmd_len=98304
lt_lt_cv_prog_compiler_c_o='"yes"'
lt_lt_cv_sys_global_symbol_pipe='"sed -n -e '\''s/^.*[ 	]\\([ABCDGIRSTW][ABCDGIRSTW]*\\)[ 	][ 	]*\\([_A-Za-z][_A-Za-z0-9]*\\)\$/\\1 \\2 \\2/p'\''"'
lt_lt_cv_sys_global_symbol_to_c_name_address='"sed -n -e '\''s/^: \\([^ ]*\\) \$/  {\\\"\\1\\\", (lt_ptr) 0},/p'\'' -e '\''s/^[BCDEGRST] \\([^ ]*\\) \\([^ ]*\\)\$/  {\"\\2\", (lt_ptr) \\&\\2},/p'\''"'
lt_lt_cv_sys_global_symbol_to_cdecl='"sed -n -e '\''s/^. .* \\(.*\\)\$/extern int \\1;/p'\''"'
php_cv_cc_dashr=no
php_cv_cc_rpath=yes

## ----------------- ##
## Output variables. ##
## ----------------- ##

AR='ar'
AWK='gawk'
CC='cc'
CFLAGS='-g -O2'
CONFIGURE_COMMAND=' './configure'  '--with-php-config=/home/work/local/php/bin/php-config''
CONFIGURE_OPTIONS=' '--with-php-config=/home/work/local/php/bin/php-config''
CPP='cc -E'
CPPFLAGS=' -DHAVE_CONFIG_H'
DEFS='-DHAVE_CONFIG_H'
DSYMUTIL=''
ECHO='echo'
ECHO_C=''
ECHO_N='-n'
ECHO_T=''
EGREP='grep -E'
EXEEXT=''
LDFLAGS=''
LIBOBJS=''
LIBS=''
LIBTOOL='$(SHELL) $(top_builddir)/libtool'
LN_S='ln -s'
LTLIBOBJS=''
NMEDIT=''
OBJEXT='o'
PACKAGE_BUGREPORT=''
PACKAGE_NAME=''
PACKAGE_STRING=''
PACKAGE_TARNAME=''
PACKAGE_VERSION=''
PATH_SEPARATOR=':'
RANLIB='ranlib'
RE2C='exit 0;'
SED='/bin/sed'
SHELL='/bin/sh'
SHLIB_DL_SUFFIX_NAME='so'
SHLIB_SUFFIX_NAME='so'
STRIP='strip'
ac_ct_AR='ar'
ac_ct_CC='cc'
ac_ct_DSYMUTIL=''
ac_ct_NMEDIT=''
ac_ct_RANLIB='ranlib'
ac_ct_STRIP='strip'
bindir='${exec_prefix}/bin'
build='x86_64-unknown-linux-gnu'
build_alias=''
build_cpu='x86_64'
build_os='linux-gnu'
build_vendor='unknown'
datadir='${prefix}/share'
exec_prefix='$(prefix)'
host='x86_64-unknown-linux-gnu'
host_alias='x86_64-unknown-linux-gnu'
host_cpu='x86_64'
host_os='linux-gnu'
host_vendor='unknown'
includedir='${prefix}/include'
infodir='${prefix}/info'
libdir='${exec_prefix}/lib'
libexecdir='${exec_prefix}/libexec'
localstatedir='${prefix}/var'
mandir='${prefix}/man'
oldincludedir='/usr/include'
prefix='/home/work/local/php'
program_transform_name='s,x,x,'
sbindir='${exec_prefix}/sbin'
sharedstatedir='${prefix}/com'
sysconfdir='${prefix}/etc'
target='x86_64-unknown-linux-gnu'
target_alias=''
target_cpu='x86_64'
target_os='linux-gnu'
target_vendor='unknown'

## ----------- ##
## confdefs.h. ##
## ----------- ##

#define COMPILE_DL_BINARYJSON 1
#define HAVE_DLFCN_H 1
#define HAVE_INTTYPES_H 1
#define HAVE_MEMORY_H 1
#define HAVE_STDINT_H 1
#define HAVE_STDLIB_H 1
#define HAVE_STRINGS_H 1
#define HAVE_STRING_H 1
#define HAVE_SYS_STAT_H 1
#define HAVE_SYS_TYPES_H 1
#define HAVE_UNISTD_H 1
#define PACKAGE_BUGREPORT ""
#define PACKAGE_NAME ""
#define PACKAGE_STRING ""
#define PACKAGE_TARNAME ""
#define PACKAGE_VERSION ""
#define STDC_HEADERS 1

configure: exit 0
